<?xml version="1.0" encoding="UTF-8"?>
<!-- Generated by org.testng.reporters.JUnitReportReporter -->
<testsuite skipped="0" hostname="TRI03L-5TH09Z1" name="TestNG.ExpectedExceptionTestNG" tests="1" failures="0" timestamp="14 Aug 2020 10:33:22 GMT" time="0.016" errors="0">
  <testcase name="exceptionTest" time="0.016" classname="TestNG.ExpectedExceptionTestNG"/>
</testsuite> <!-- TestNG.ExpectedExceptionTestNG -->
