<?xml version="1.0" encoding="UTF-8"?>
<!-- Generated by org.testng.reporters.JUnitReportReporter -->
<testsuite hostname="INLAVR9W92" failures="0" tests="5" name="TestNG.DependsTestNG" time="0.012" errors="0" timestamp="07 Apr 2022 09:16:13 GMT" skipped="0">
  <testcase classname="TestNG.DependsTestNG" name="Home" time="0.001"/>
  <testcase classname="TestNG.DependsTestNG" name="browserTest" time="0.009"/>
  <testcase classname="TestNG.DependsTestNG" name="loginTest" time="0.001"/>
  <testcase classname="TestNG.DependsTestNG" name="dashboard" time="0.001"/>
  <testcase classname="TestNG.DependsTestNG" name="Registration" time="0.000"/>
</testsuite> <!-- TestNG.DependsTestNG -->
