<?xml version="1.0" encoding="UTF-8"?>
<!-- Generated by org.testng.reporters.JUnitReportReporter -->
<testsuite skipped="0" hostname="TRI03L-5TH09Z1" name="TestNG.TestNGAnnotations" tests="2" failures="0" timestamp="14 Aug 2020 08:29:13 GMT" time="0.015" errors="0">
  <testcase name="homepageTitle" time="0.004" classname="TestNG.TestNGAnnotations"/>
  <testcase name="homepageSearch" time="0.011" classname="TestNG.TestNGAnnotations"/>
</testsuite> <!-- TestNG.TestNGAnnotations -->
