<?xml version="1.0" encoding="UTF-8"?>
<!-- Generated by org.testng.reporters.JUnitReportReporter -->
<testsuite hostname="INLAVR9W92" failures="0" tests="11" name="TestNG.InvocationCountTestNG" time="0.016" errors="0" timestamp="15 Feb 2022 11:54:51 GMT" skipped="0">
  <testcase classname="TestNG.InvocationCountTestNG" name="creteUserTest" time="0.001"/>
  <testcase classname="TestNG.InvocationCountTestNG" name="creteUserTest" time="0.001"/>
  <testcase classname="TestNG.InvocationCountTestNG" name="creteUserTest" time="0.001"/>
  <testcase classname="TestNG.InvocationCountTestNG" name="creteUserTest" time="0.001"/>
  <testcase classname="TestNG.InvocationCountTestNG" name="creteUserTest" time="0.000"/>
  <testcase classname="TestNG.InvocationCountTestNG" name="creteUserTest" time="0.001"/>
  <testcase classname="TestNG.InvocationCountTestNG" name="creteUserTest" time="0.008"/>
  <testcase classname="TestNG.InvocationCountTestNG" name="creteUserTest" time="0.001"/>
  <testcase classname="TestNG.InvocationCountTestNG" name="creteUserTest" time="0.000"/>
  <testcase classname="TestNG.InvocationCountTestNG" name="creteUserTest" time="0.001"/>
  <testcase classname="TestNG.InvocationCountTestNG" name="loginTest" time="0.001"/>
</testsuite> <!-- TestNG.InvocationCountTestNG -->
