<?xml version="1.0" encoding="UTF-8"?>
<!-- Generated by org.testng.reporters.JUnitReportReporter -->
<testsuite hostname="INLAVR9W92" failures="0" tests="6" name="TestNG.PriorityTestNG" time="0.017" errors="0" timestamp="15 Feb 2022 10:49:54 GMT" skipped="0">
  <testcase classname="TestNG.PriorityTestNG" name="error" time="0.011"/>
  <testcase classname="TestNG.PriorityTestNG" name="login" time="0.001"/>
  <testcase classname="TestNG.PriorityTestNG" name="homepageTitle" time="0.001"/>
  <testcase classname="TestNG.PriorityTestNG" name="page" time="0.002"/>
  <testcase classname="TestNG.PriorityTestNG" name="test" time="0.001"/>
  <testcase classname="TestNG.PriorityTestNG" name="homepageSearch" time="0.001"/>
</testsuite> <!-- TestNG.PriorityTestNG -->
