<?xml version="1.0" encoding="UTF-8"?>
<!-- Generated by org.testng.reporters.JUnitReportReporter -->
<testsuite hostname="INLAVR9W92" failures="0" tests="3" name="TestNG.GoogleTest" time="0.152" errors="0" timestamp="15 Feb 2022 10:50:25 GMT" skipped="0">
  <testcase classname="TestNG.GoogleTest" name="googleTitleTest" time="0.018"/>
  <testcase classname="TestNG.GoogleTest" name="Enter" time="0.128"/>
  <testcase classname="TestNG.GoogleTest" name="getCurrentUrl" time="0.006"/>
</testsuite> <!-- TestNG.GoogleTest -->
