<?xml version="1.0" encoding="UTF-8"?>
<!-- Generated by org.testng.reporters.JUnitReportReporter -->
<testsuite skipped="0" hostname="TRI03L-PF2AM64G" name="TestNG.GoogleTest" tests="3" failures="0" timestamp="22 Oct 2020 06:00:55 GMT" time="0.200" errors="0">
  <testcase name="googleTitleTest" time="0.024" classname="TestNG.GoogleTest"/>
  <testcase name="Enter" time="0.166" classname="TestNG.GoogleTest"/>
  <testcase name="getCurrentUrl" time="0.010" classname="TestNG.GoogleTest"/>
</testsuite> <!-- TestNG.GoogleTest -->
