<?xml version="1.0" encoding="UTF-8"?>
<!-- Generated by org.testng.reporters.JUnitReportReporter -->
<testsuite skipped="1" hostname="TRI03L-5TH09Z1" name="TestNG.InvocationCountTestNG" tests="2" failures="0" timestamp="14 Aug 2020 09:40:32 GMT" time="0.016" errors="0">
  <testcase name="loginTest" time="0.016" classname="TestNG.InvocationCountTestNG"/>
  <testcase name="creteUserTest" classname="TestNG.InvocationCountTestNG">
    <skipped/>
  </testcase> <!-- creteUserTest -->
</testsuite> <!-- TestNG.InvocationCountTestNG -->
