<?xml version="1.0" encoding="UTF-8"?>
<!-- Generated by org.testng.reporters.JUnitReportReporter -->
<testsuite skipped="0" hostname="TRI03L-5TH09Z1" name="app.test.BoxLogin" tests="1" failures="0" timestamp="17 Aug 2020 08:41:24 GMT" time="13.437" errors="0">
  <testcase name="login" time="13.437" classname="app.test.BoxLogin"/>
</testsuite> <!-- app.test.BoxLogin -->
