<?xml version="1.0" encoding="UTF-8"?>
<!-- Generated by org.testng.reporters.JUnitReportReporter -->
<testsuite skipped="0" hostname="TRI03L-5TH09Z1" name="app.test.PimsTest" tests="2" failures="0" timestamp="17 Aug 2020 08:41:24 GMT" time="20.287" errors="0">
  <testcase name="login" time="20.270" classname="app.test.PimsTest"/>
  <testcase name="getTitle" time="0.017" classname="app.test.PimsTest"/>
</testsuite> <!-- app.test.PimsTest -->
