<?xml version="1.0" encoding="UTF-8"?>
<!-- Generated by org.testng.reporters.JUnitReportReporter -->
<testsuite hostname="INLAVR9W92" failures="0" tests="1" name="Parallel_Testing.BoxLogin" time="2.854" errors="0" timestamp="03 May 2022 07:56:41 GMT" skipped="0">
  <testcase classname="Parallel_Testing.BoxLogin" name="login" time="2.854"/>
</testsuite> <!-- Parallel_Testing.BoxLogin -->
