<?xml version="1.0" encoding="UTF-8"?>
<!-- Generated by org.testng.reporters.JUnitReportReporter -->
<testsuite skipped="0" hostname="TRI03L-PF2AM64G" name="TestNG.ExpectedExceptionTestNG" tests="1" failures="0" timestamp="27 May 2021 02:41:45 GMT" time="0.021" errors="0">
  <testcase name="exceptionTest" time="0.021" classname="TestNG.ExpectedExceptionTestNG"/>
</testsuite> <!-- TestNG.ExpectedExceptionTestNG -->
