<?xml version="1.0" encoding="UTF-8"?>
<!-- Generated by org.testng.reporters.JUnitReportReporter -->
<testsuite skipped="0" hostname="TRI03L-PF2AM64G" name="TestNG.DependsTestNG" tests="5" failures="0" timestamp="27 May 2021 02:39:50 GMT" time="0.035" errors="0">
  <testcase name="Home" time="0.002" classname="TestNG.DependsTestNG"/>
  <testcase name="dashboard" time="0.002" classname="TestNG.DependsTestNG"/>
  <testcase name="loginTest" time="0.003" classname="TestNG.DependsTestNG"/>
  <testcase name="Registration" time="0.003" classname="TestNG.DependsTestNG"/>
  <testcase name="browserTest" time="0.025" classname="TestNG.DependsTestNG"/>
</testsuite> <!-- TestNG.DependsTestNG -->
