<?xml version="1.0" encoding="UTF-8"?>
<!-- Generated by org.testng.reporters.JUnitReportReporter -->
<testsuite skipped="0" hostname="TRI03L-5TH09Z1" name="TestNG.PriorityTestNG" tests="6" failures="0" timestamp="14 Aug 2020 09:29:40 GMT" time="0.024" errors="0">
  <testcase name="homepageTitle" time="0.000" classname="TestNG.PriorityTestNG"/>
  <testcase name="error" time="0.016" classname="TestNG.PriorityTestNG"/>
  <testcase name="login" time="0.000" classname="TestNG.PriorityTestNG"/>
  <testcase name="page" time="0.004" classname="TestNG.PriorityTestNG"/>
  <testcase name="test" time="0.000" classname="TestNG.PriorityTestNG"/>
  <testcase name="homepageSearch" time="0.004" classname="TestNG.PriorityTestNG"/>
</testsuite> <!-- TestNG.PriorityTestNG -->
