<?xml version="1.0" encoding="UTF-8"?>
<!-- Generated by org.testng.reporters.JUnitReportReporter -->
<testsuite hostname="INLAVR9W92" failures="0" tests="1" name="TestNG.ExpectedExceptionTestNG" time="0.009" errors="0" timestamp="07 Apr 2022 09:23:29 GMT" skipped="0">
  <testcase classname="TestNG.ExpectedExceptionTestNG" name="exceptionTest" time="0.009"/>
</testsuite> <!-- TestNG.ExpectedExceptionTestNG -->
