<?xml version="1.0" encoding="UTF-8"?>
<!-- Generated by org.testng.reporters.JUnitReportReporter -->
<testsuite skipped="2" hostname="TRI03L-5TH09Z1" name="TestNG.DisabledTestNG" tests="6" failures="0" timestamp="14 Aug 2020 09:32:36 GMT" time="0.027" errors="0">
  <testcase name="error" time="0.020" classname="TestNG.DisabledTestNG"/>
  <testcase name="page" time="0.003" classname="TestNG.DisabledTestNG"/>
  <testcase name="test" time="0.004" classname="TestNG.DisabledTestNG"/>
  <testcase name="homepageSearch" time="0.000" classname="TestNG.DisabledTestNG"/>
  <testcase name="homepageTitle" classname="TestNG.DisabledTestNG">
    <skipped/>
  </testcase> <!-- homepageTitle -->
  <testcase name="login" classname="TestNG.DisabledTestNG">
    <skipped/>
  </testcase> <!-- login -->
</testsuite> <!-- TestNG.DisabledTestNG -->
